<?xml version="1.0" encoding="UTF-8"?>
<!-- Generated by org.testng.reporters.JUnitReportReporter -->
<testsuite hostname="nblap227" failures="0" tests="1" name="util.Sample_testNg" time="10.836" errors="0" timestamp="2023-02-09T14:58:17 IST" skipped="0">
  <testcase classname="util.Sample_testNg" name="login" time="10.836"/>
  <system-out/>
</testsuite> <!-- util.Sample_testNg -->
